
> bx-ui-components@0.1.0 storybook
> storybook dev -p 6006 --host 127.0.0.1

[1m@storybook/core v8.4.6[22m[0m
[0m

[35m[1mattention[22m[39m => Storybook now collects completely anonymous telemetry regarding usage.
This information is used to shape Storybook's roadmap and prioritize features.
You can learn more, including how to opt-out if you'd not like to participate in this anonymous program, by visiting the following URL:
[36mhttps://storybook.js.org/telemetry[39m

info => Serving static files from [36m./.\src\public[39m at [36m/[39m
info => Starting manager..
WARN No story files found for the specified pattern: [34msrc\**\*.mdx[39m
info => Starting preview..
info Addon-docs: using MDX3
info => Using implicit CSS loaders
info => Using Babel as compiler
info => Using default Webpack5 setup
info Using tsconfig paths for react-docgen
╭─────────────────────────────────────────────────────────────────────╮
│                                                                     │
│   [38;2;162;224;94mStorybook [1m8.4.6[22m for [1mnextjs[22m started[39m                                │
│   [90m[4m964 ms[24m for manager and [4m1.48 min[24m for preview[39m                       │
│                                                                     │
│   Local:            [36mhttp://localhost:6006/[39m                          │
│   On your network:  [36mhttp://127.0.0.1:6006/[39m                          │
│                                                                     │
│   [38;2;243;173;56mA new version ([1m10.3.6[22m) is available![39m                              │
│                                                                     │
│   [90mUpgrade now:[39m [38;2;162;224;94mnpx storybook@latest upgrade[39m                         │
│                                                                     │
│   [90mRead full changelog:[39m                                              │
│   [90m[4mhttps://github.com/storybookjs/storybook/blob/main/CHANGELOG.md[24m[39m   │
│                                                                     │
╰─────────────────────────────────────────────────────────────────────╯
